<?xml version="1.0" encoding="UTF-8"?>
<testsuite xmlns:xsi="http://www.w3.org/2001/XMLSchema-instance" xsi:noNamespaceSchemaLocation="https://maven.apache.org/surefire/maven-surefire-plugin/xsd/surefire-test-report-3.0.xsd" version="3.0" name="org.apache.zookeeper.EnforceAuthenticationTest" time="19.285" tests="7" errors="0" skipped="0" failures="0">
  <properties>
[...]
</properties>
  <testcase name="testServerStartShouldFailWhenAuthProviderIsNotConfigured" classname="org.apache.zookeeper.EnforceAuthenticationTest" time="0.744">
    <system-out><![CDATA[2023-09-18 23:28:29,411 [myid:1] - ERROR [main:o.a.z.s.AuthenticationHelper@84] - Authentication scheme sasl is not available.
]]></system-out>
    <system-err><![CDATA[SLF4J: Class path contains multiple SLF4J bindings.
SLF4J: Found binding in [jar:file:/home/asus/.m2/repository/ch/qos/logback/logback-classic/1.2.10/logback-classic-1.2.10.jar!/org/slf4j/impl/StaticLoggerBinder.class]
SLF4J: Found binding in [jar:file:/home/asus/.m2/repository/org/apache/logging/log4j/log4j-slf4j-impl/2.18.0/log4j-slf4j-impl-2.18.0.jar!/org/slf4j/impl/StaticLoggerBinder.class]
SLF4J: See http://www.slf4j.org/codes.html#multiple_bindings for an explanation.
SLF4J: Actual binding is of type [ch.qos.logback.classic.util.ContextSelectorStaticBinder]
]]></system-err>
  </testcase>
  <testcase name="testEnforceAuthenticationNewBehaviourWithNetty" classname="org.apache.zookeeper.EnforceAuthenticationTest" time="3.666">
    <system-out><![CDATA[2023-09-18 23:28:29,448 [myid:] - ERROR [Thread-1:o.a.z.s.q.QuorumPeerConfig@702] - Invalid configuration, only one server specified (ignoring)
2023-09-18 23:28:29,451 [myid:0] - ERROR [Thread-1:o.a.z.s.q.QuorumPeerConfig@702] - Invalid configuration, only one server specified (ignoring)
2023-09-18 23:28:32,554 [myid:] - ERROR [epollEventLoopGroup-4-2:o.a.z.s.AuthenticationHelper@121] - Client authentication scheme(s) [ip] does not match with any of the expected authentication scheme [digest], closing session.
]]></system-out>
  </testcase>
  <testcase name="testEnforceAuthenticationOldBehaviour" classname="org.apache.zookeeper.EnforceAuthenticationTest" time="3.654">
    <system-out><![CDATA[2023-09-18 23:28:33,090 [myid:] - ERROR [Thread-4:o.a.z.s.q.QuorumPeerConfig@702] - Invalid configuration, only one server specified (ignoring)
2023-09-18 23:28:33,093 [myid:0] - ERROR [Thread-4:o.a.z.s.q.QuorumPeerConfig@702] - Invalid configuration, only one server specified (ignoring)
]]></system-out>
  </testcase>
  <testcase name="testServerStartShouldFailWhenEnforceAuthSchemeIsNotConfigured" classname="org.apache.zookeeper.EnforceAuthenticationTest" time="0.009">
    <system-out><![CDATA[2023-09-18 23:28:36,747 [myid:1] - ERROR [main:o.a.z.s.AuthenticationHelper@78] - zookeeper.enforce.auth.enabled is true zookeeper.enforce.auth.schemes must be  configured.
]]></system-out>
  </testcase>
  <testcase name="testEnforceAuthenticationNewBehaviour" classname="org.apache.zookeeper.EnforceAuthenticationTest" time="3.773">
    <system-out><![CDATA[2023-09-18 23:28:36,754 [myid:] - ERROR [Thread-6:o.a.z.s.q.QuorumPeerConfig@702] - Invalid configuration, only one server specified (ignoring)
2023-09-18 23:28:36,758 [myid:0] - ERROR [Thread-6:o.a.z.s.q.QuorumPeerConfig@702] - Invalid configuration, only one server specified (ignoring)
2023-09-18 23:28:39,767 [myid:] - ERROR [epollEventLoopGroup-12-2:o.a.z.s.AuthenticationHelper@121] - Client authentication scheme(s) [ip] does not match with any of the expected authentication scheme [digest], closing session.
]]></system-out>
  </testcase>
  <testcase name="testEnforceAuthenticationWithMultipleAuthSchemes" classname="org.apache.zookeeper.EnforceAuthenticationTest" time="3.632">
    <system-out><![CDATA[2023-09-18 23:28:40,527 [myid:] - ERROR [Thread-8:o.a.z.s.q.QuorumPeerConfig@702] - Invalid configuration, only one server specified (ignoring)
2023-09-18 23:28:40,530 [myid:0] - ERROR [Thread-8:o.a.z.s.q.QuorumPeerConfig@702] - Invalid configuration, only one server specified (ignoring)
2023-09-18 23:28:40,618 [myid:] - ERROR [epollEventLoopGroup-4-1:o.a.z.s.AuthenticationHelper@121] - Client authentication scheme(s) [ip] does not match with any of the expected authentication scheme [digest], closing session.
]]></system-out>
  </testcase>
  <testcase name="testEnforceAuthenticationOldBehaviourWithNetty" classname="org.apache.zookeeper.EnforceAuthenticationTest" time="3.557">
    <system-out><![CDATA[2023-09-18 23:28:44,160 [myid:] - ERROR [Thread-10:o.a.z.s.q.QuorumPeerConfig@702] - Invalid configuration, only one server specified (ignoring)
2023-09-18 23:28:44,163 [myid:0] - ERROR [Thread-10:o.a.z.s.q.QuorumPeerConfig@702] - Invalid configuration, only one server specified (ignoring)
]]></system-out>
  </testcase>
</testsuite>