<?xml version="1.0" encoding="UTF-8"?>
<testsuite xmlns:xsi="http://www.w3.org/2001/XMLSchema-instance" xsi:noNamespaceSchemaLocation="https://maven.apache.org/surefire/maven-surefire-plugin/xsd/surefire-test-report-3.0.xsd" version="3.0" name="org.apache.zookeeper.server.controller.ControllerClientServerTest" time="4.376" tests="7" errors="0" skipped="0" failures="0">
  <properties>
[...]
</properties>
  <testcase name="verifyCloseConnectionCommand" classname="org.apache.zookeeper.server.controller.ControllerClientServerTest" time="2.18">
    <system-out><![CDATA[2023-09-18 23:28:29,372 [myid:] - ERROR [main:o.a.z.s.c.ControllerTestBase@72] - [wasabi] Retry Loop 08 is called. MaxRetry :50  stack trace element: org.apache.zookeeper.server.controller.ControllerTestBase.init (Line 60)
2023-09-18 23:28:29,375 [myid:] - ERROR [main:o.a.z.s.c.ControllerTestBase@73] - [wasabi] Retry Loop 02 is called. MaxDuration : 100  stack trace element: org.apache.zookeeper.server.controller.ControllerTestBase.init (Line 60)
2023-09-18 23:28:29,376 [myid:] - ERROR [main:o.a.z.s.c.ControllerTestBase@72] - [wasabi] Retry Loop 08 is called. MaxRetry :50  stack trace element: mockit.integration.junit4.JUnit4TestRunnerDecorator.invokeExplosively (Line 49)
2023-09-18 23:28:29,376 [myid:] - ERROR [main:o.a.z.s.c.ControllerTestBase@73] - [wasabi] Retry Loop 02 is called. MaxDuration : 100  stack trace element: mockit.integration.junit4.JUnit4TestRunnerDecorator.invokeExplosively (Line 49)
2023-09-18 23:28:30,428 [myid:] - ERROR [WorkerReceiver[myid=0]:o.a.z.s.q.QuorumPeerConfig@702] - Invalid configuration, only one server specified (ignoring)
2023-09-18 23:28:30,687 [myid:] - ERROR [QuorumPeer[myid=0](plain=127.0.0.1:45815)(secure=disabled):o.a.z.s.q.QuorumPeerConfig@702] - Invalid configuration, only one server specified (ignoring)
2023-09-18 23:28:30,890 [myid:] - ERROR [qtp2031507783-24:o.a.z.s.c.CommandListener$CommandHandler@85] - Bad argument or command
java.lang.NumberFormatException: For input string: "hanm"
	at java.lang.NumberFormatException.forInputString(NumberFormatException.java:65)
	at java.lang.Long.parseLong(Long.java:589)
	at java.lang.Long.valueOf(Long.java:776)
	at java.lang.Long.decode(Long.java:928)
	at org.apache.zookeeper.server.controller.ZooKeeperServerController.processCommand(ZooKeeperServerController.java:121)
	at org.apache.zookeeper.server.controller.CommandListener$CommandHandler.handle(CommandListener.java:81)
	at org.eclipse.jetty.server.handler.HandlerWrapper.handle(HandlerWrapper.java:127)
	at org.eclipse.jetty.server.Server.handle(Server.java:516)
	at org.eclipse.jetty.server.HttpChannel.lambda$handle$1(HttpChannel.java:487)
	at org.eclipse.jetty.server.HttpChannel.dispatch(HttpChannel.java:732)
	at org.eclipse.jetty.server.HttpChannel.handle(HttpChannel.java:479)
	at org.eclipse.jetty.server.HttpConnection.onFillable(HttpConnection.java:277)
	at org.eclipse.jetty.io.AbstractConnection$ReadCallback.succeeded(AbstractConnection.java:311)
	at org.eclipse.jetty.io.FillInterest.fillable(FillInterest.java:105)
	at org.eclipse.jetty.io.ChannelEndPoint$1.run(ChannelEndPoint.java:104)
	at org.eclipse.jetty.util.thread.strategy.EatWhatYouKill.runTask(EatWhatYouKill.java:338)
	at org.eclipse.jetty.util.thread.strategy.EatWhatYouKill.doProduce(EatWhatYouKill.java:315)
	at org.eclipse.jetty.util.thread.strategy.EatWhatYouKill.tryProduce(EatWhatYouKill.java:173)
	at org.eclipse.jetty.util.thread.strategy.EatWhatYouKill.run(EatWhatYouKill.java:131)
	at org.eclipse.jetty.util.thread.ReservedThreadExecutor$ReservedThread.run(ReservedThreadExecutor.java:409)
	at org.eclipse.jetty.util.thread.QueuedThreadPool.runJob(QueuedThreadPool.java:883)
	at org.eclipse.jetty.util.thread.QueuedThreadPool$Runner.run(QueuedThreadPool.java:1034)
	at java.lang.Thread.run(Thread.java:750)
]]></system-out>
    <system-err><![CDATA[SLF4J: Class path contains multiple SLF4J bindings.
SLF4J: Found binding in [jar:file:/home/asus/.m2/repository/ch/qos/logback/logback-classic/1.2.10/logback-classic-1.2.10.jar!/org/slf4j/impl/StaticLoggerBinder.class]
SLF4J: Found binding in [jar:file:/home/asus/.m2/repository/org/apache/logging/log4j/log4j-slf4j-impl/2.18.0/log4j-slf4j-impl-2.18.0.jar!/org/slf4j/impl/StaticLoggerBinder.class]
SLF4J: See http://www.slf4j.org/codes.html#multiple_bindings for an explanation.
SLF4J: Actual binding is of type [ch.qos.logback.classic.util.ContextSelectorStaticBinder]
]]></system-err>
  </testcase>
  <testcase name="verifyBadResponseCommands" classname="org.apache.zookeeper.server.controller.ControllerClientServerTest" time="0.318">
    <system-out><![CDATA[2023-09-18 23:28:30,925 [myid:] - ERROR [main:o.a.z.s.c.ControllerTestBase@72] - [wasabi] Retry Loop 08 is called. MaxRetry :50  stack trace element: org.apache.zookeeper.server.controller.ControllerTestBase.init (Line 60)
2023-09-18 23:28:30,926 [myid:] - ERROR [main:o.a.z.s.c.ControllerTestBase@73] - [wasabi] Retry Loop 02 is called. MaxDuration : 100  stack trace element: org.apache.zookeeper.server.controller.ControllerTestBase.init (Line 60)
2023-09-18 23:28:30,926 [myid:] - ERROR [main:o.a.z.s.c.ControllerTestBase@72] - [wasabi] Retry Loop 08 is called. MaxRetry :50  stack trace element: mockit.integration.junit4.JUnit4TestRunnerDecorator.invokeExplosively (Line 49)
2023-09-18 23:28:30,926 [myid:] - ERROR [main:o.a.z.s.c.ControllerTestBase@73] - [wasabi] Retry Loop 02 is called. MaxDuration : 100  stack trace element: mockit.integration.junit4.JUnit4TestRunnerDecorator.invokeExplosively (Line 49)
2023-09-18 23:28:30,958 [myid:] - ERROR [WorkerReceiver[myid=0]:o.a.z.s.q.QuorumPeerConfig@702] - Invalid configuration, only one server specified (ignoring)
2023-09-18 23:28:31,167 [myid:] - ERROR [QuorumPeer[myid=0](plain=127.0.0.1:38149)(secure=disabled):o.a.z.s.q.QuorumPeerConfig@702] - Invalid configuration, only one server specified (ignoring)
2023-09-18 23:28:31,231 [myid:] - ERROR [qtp1490105189-67:o.a.z.s.c.CommandListener$CommandHandler@85] - Bad argument or command
java.lang.NumberFormatException: For input string: "hanm"
	at java.lang.NumberFormatException.forInputString(NumberFormatException.java:65)
	at java.lang.Long.parseLong(Long.java:589)
	at java.lang.Long.valueOf(Long.java:776)
	at java.lang.Long.decode(Long.java:928)
	at org.apache.zookeeper.server.controller.ZooKeeperServerController.processCommand(ZooKeeperServerController.java:153)
	at org.apache.zookeeper.server.controller.CommandListener$CommandHandler.handle(CommandListener.java:81)
	at org.eclipse.jetty.server.handler.HandlerWrapper.handle(HandlerWrapper.java:127)
	at org.eclipse.jetty.server.Server.handle(Server.java:516)
	at org.eclipse.jetty.server.HttpChannel.lambda$handle$1(HttpChannel.java:487)
	at org.eclipse.jetty.server.HttpChannel.dispatch(HttpChannel.java:732)
	at org.eclipse.jetty.server.HttpChannel.handle(HttpChannel.java:479)
	at org.eclipse.jetty.server.HttpConnection.onFillable(HttpConnection.java:277)
	at org.eclipse.jetty.io.AbstractConnection$ReadCallback.succeeded(AbstractConnection.java:311)
	at org.eclipse.jetty.io.FillInterest.fillable(FillInterest.java:105)
	at org.eclipse.jetty.io.ChannelEndPoint$1.run(ChannelEndPoint.java:104)
	at org.eclipse.jetty.util.thread.strategy.EatWhatYouKill.runTask(EatWhatYouKill.java:338)
	at org.eclipse.jetty.util.thread.strategy.EatWhatYouKill.doProduce(EatWhatYouKill.java:315)
	at org.eclipse.jetty.util.thread.strategy.EatWhatYouKill.tryProduce(EatWhatYouKill.java:173)
	at org.eclipse.jetty.util.thread.strategy.EatWhatYouKill.produce(EatWhatYouKill.java:137)
	at org.eclipse.jetty.util.thread.QueuedThreadPool.runJob(QueuedThreadPool.java:883)
	at org.eclipse.jetty.util.thread.QueuedThreadPool$Runner.run(QueuedThreadPool.java:1034)
	at java.lang.Thread.run(Thread.java:750)
]]></system-out>
  </testcase>
  <testcase name="verifyAddResetDelayCommands" classname="org.apache.zookeeper.server.controller.ControllerClientServerTest" time="0.315">
    <system-out><![CDATA[2023-09-18 23:28:31,243 [myid:] - ERROR [main:o.a.z.s.c.ControllerTestBase@72] - [wasabi] Retry Loop 08 is called. MaxRetry :50  stack trace element: org.apache.zookeeper.server.controller.ControllerTestBase.init (Line 60)
2023-09-18 23:28:31,243 [myid:] - ERROR [main:o.a.z.s.c.ControllerTestBase@73] - [wasabi] Retry Loop 02 is called. MaxDuration : 100  stack trace element: org.apache.zookeeper.server.controller.ControllerTestBase.init (Line 60)
2023-09-18 23:28:31,244 [myid:] - ERROR [main:o.a.z.s.c.ControllerTestBase@72] - [wasabi] Retry Loop 08 is called. MaxRetry :50  stack trace element: mockit.integration.junit4.JUnit4TestRunnerDecorator.invokeExplosively (Line 49)
2023-09-18 23:28:31,244 [myid:] - ERROR [main:o.a.z.s.c.ControllerTestBase@73] - [wasabi] Retry Loop 02 is called. MaxDuration : 100  stack trace element: mockit.integration.junit4.JUnit4TestRunnerDecorator.invokeExplosively (Line 49)
2023-09-18 23:28:31,267 [myid:] - ERROR [WorkerReceiver[myid=0]:o.a.z.s.q.QuorumPeerConfig@702] - Invalid configuration, only one server specified (ignoring)
2023-09-18 23:28:31,471 [myid:] - ERROR [QuorumPeer[myid=0](plain=127.0.0.1:43283)(secure=disabled):o.a.z.s.q.QuorumPeerConfig@702] - Invalid configuration, only one server specified (ignoring)
2023-09-18 23:28:31,548 [myid:] - ERROR [qtp563142093-114:o.a.z.s.c.CommandListener$CommandHandler@85] - Bad argument or command
java.lang.NumberFormatException: For input string: "hanm"
	at java.lang.NumberFormatException.forInputString(NumberFormatException.java:65)
	at java.lang.Long.parseLong(Long.java:589)
	at java.lang.Long.valueOf(Long.java:776)
	at java.lang.Long.decode(Long.java:928)
	at org.apache.zookeeper.server.controller.ZooKeeperServerController.processCommand(ZooKeeperServerController.java:140)
	at org.apache.zookeeper.server.controller.CommandListener$CommandHandler.handle(CommandListener.java:81)
	at org.eclipse.jetty.server.handler.HandlerWrapper.handle(HandlerWrapper.java:127)
	at org.eclipse.jetty.server.Server.handle(Server.java:516)
	at org.eclipse.jetty.server.HttpChannel.lambda$handle$1(HttpChannel.java:487)
	at org.eclipse.jetty.server.HttpChannel.dispatch(HttpChannel.java:732)
	at org.eclipse.jetty.server.HttpChannel.handle(HttpChannel.java:479)
	at org.eclipse.jetty.server.HttpConnection.onFillable(HttpConnection.java:277)
	at org.eclipse.jetty.io.AbstractConnection$ReadCallback.succeeded(AbstractConnection.java:311)
	at org.eclipse.jetty.io.FillInterest.fillable(FillInterest.java:105)
	at org.eclipse.jetty.io.ChannelEndPoint$1.run(ChannelEndPoint.java:104)
	at org.eclipse.jetty.util.thread.strategy.EatWhatYouKill.runTask(EatWhatYouKill.java:338)
	at org.eclipse.jetty.util.thread.strategy.EatWhatYouKill.doProduce(EatWhatYouKill.java:315)
	at org.eclipse.jetty.util.thread.strategy.EatWhatYouKill.tryProduce(EatWhatYouKill.java:173)
	at org.eclipse.jetty.util.thread.strategy.EatWhatYouKill.produce(EatWhatYouKill.java:137)
	at org.eclipse.jetty.util.thread.QueuedThreadPool.runJob(QueuedThreadPool.java:883)
	at org.eclipse.jetty.util.thread.QueuedThreadPool$Runner.run(QueuedThreadPool.java:1034)
	at java.lang.Thread.run(Thread.java:750)
]]></system-out>
  </testcase>
  <testcase name="verifyPingCommand" classname="org.apache.zookeeper.server.controller.ControllerClientServerTest" time="0.326">
    <system-out><![CDATA[2023-09-18 23:28:31,558 [myid:] - ERROR [main:o.a.z.s.c.ControllerTestBase@72] - [wasabi] Retry Loop 08 is called. MaxRetry :50  stack trace element: org.apache.zookeeper.server.controller.ControllerTestBase.init (Line 60)
2023-09-18 23:28:31,558 [myid:] - ERROR [main:o.a.z.s.c.ControllerTestBase@73] - [wasabi] Retry Loop 02 is called. MaxDuration : 100  stack trace element: org.apache.zookeeper.server.controller.ControllerTestBase.init (Line 60)
2023-09-18 23:28:31,558 [myid:] - ERROR [main:o.a.z.s.c.ControllerTestBase@72] - [wasabi] Retry Loop 08 is called. MaxRetry :50  stack trace element: mockit.integration.junit4.JUnit4TestRunnerDecorator.invokeExplosively (Line 49)
2023-09-18 23:28:31,559 [myid:] - ERROR [main:o.a.z.s.c.ControllerTestBase@73] - [wasabi] Retry Loop 02 is called. MaxDuration : 100  stack trace element: mockit.integration.junit4.JUnit4TestRunnerDecorator.invokeExplosively (Line 49)
2023-09-18 23:28:31,571 [myid:] - ERROR [WorkerReceiver[myid=0]:o.a.z.s.q.QuorumPeerConfig@702] - Invalid configuration, only one server specified (ignoring)
2023-09-18 23:28:31,781 [myid:] - ERROR [QuorumPeer[myid=0](plain=127.0.0.1:33541)(secure=disabled):o.a.z.s.q.QuorumPeerConfig@702] - Invalid configuration, only one server specified (ignoring)
]]></system-out>
  </testcase>
  <testcase name="verifyLeaderElectionCommand" classname="org.apache.zookeeper.server.controller.ControllerClientServerTest" time="0.353">
    <system-out><![CDATA[2023-09-18 23:28:31,884 [myid:] - ERROR [main:o.a.z.s.c.ControllerTestBase@72] - [wasabi] Retry Loop 08 is called. MaxRetry :50  stack trace element: org.apache.zookeeper.server.controller.ControllerTestBase.init (Line 60)
2023-09-18 23:28:31,884 [myid:] - ERROR [main:o.a.z.s.c.ControllerTestBase@73] - [wasabi] Retry Loop 02 is called. MaxDuration : 100  stack trace element: org.apache.zookeeper.server.controller.ControllerTestBase.init (Line 60)
2023-09-18 23:28:31,885 [myid:] - ERROR [main:o.a.z.s.c.ControllerTestBase@72] - [wasabi] Retry Loop 08 is called. MaxRetry :50  stack trace element: mockit.integration.junit4.JUnit4TestRunnerDecorator.invokeExplosively (Line 49)
2023-09-18 23:28:31,885 [myid:] - ERROR [main:o.a.z.s.c.ControllerTestBase@73] - [wasabi] Retry Loop 02 is called. MaxDuration : 100  stack trace element: mockit.integration.junit4.JUnit4TestRunnerDecorator.invokeExplosively (Line 49)
2023-09-18 23:28:31,899 [myid:] - ERROR [WorkerReceiver[myid=0]:o.a.z.s.q.QuorumPeerConfig@702] - Invalid configuration, only one server specified (ignoring)
2023-09-18 23:28:32,108 [myid:] - ERROR [QuorumPeer[myid=0](plain=127.0.0.1:35361)(secure=disabled):o.a.z.s.q.QuorumPeerConfig@702] - Invalid configuration, only one server specified (ignoring)
]]></system-out>
  </testcase>
  <testcase name="verifyExpireSessionCommand" classname="org.apache.zookeeper.server.controller.ControllerClientServerTest" time="0.327">
    <system-out><![CDATA[2023-09-18 23:28:32,237 [myid:] - ERROR [main:o.a.z.s.c.ControllerTestBase@72] - [wasabi] Retry Loop 08 is called. MaxRetry :50  stack trace element: org.apache.zookeeper.server.controller.ControllerTestBase.init (Line 60)
2023-09-18 23:28:32,238 [myid:] - ERROR [main:o.a.z.s.c.ControllerTestBase@73] - [wasabi] Retry Loop 02 is called. MaxDuration : 100  stack trace element: org.apache.zookeeper.server.controller.ControllerTestBase.init (Line 60)
2023-09-18 23:28:32,239 [myid:] - ERROR [main:o.a.z.s.c.ControllerTestBase@72] - [wasabi] Retry Loop 08 is called. MaxRetry :50  stack trace element: mockit.integration.junit4.JUnit4TestRunnerDecorator.invokeExplosively (Line 49)
2023-09-18 23:28:32,239 [myid:] - ERROR [main:o.a.z.s.c.ControllerTestBase@73] - [wasabi] Retry Loop 02 is called. MaxDuration : 100  stack trace element: mockit.integration.junit4.JUnit4TestRunnerDecorator.invokeExplosively (Line 49)
2023-09-18 23:28:32,274 [myid:] - ERROR [WorkerReceiver[myid=0]:o.a.z.s.q.QuorumPeerConfig@702] - Invalid configuration, only one server specified (ignoring)
2023-09-18 23:28:32,497 [myid:] - ERROR [QuorumPeer[myid=0](plain=127.0.0.1:39779)(secure=disabled):o.a.z.s.q.QuorumPeerConfig@702] - Invalid configuration, only one server specified (ignoring)
2023-09-18 23:28:32,549 [myid:] - ERROR [qtp1797257115-261:o.a.z.s.c.CommandListener$CommandHandler@85] - Bad argument or command
java.lang.NumberFormatException: For input string: "hanm"
	at java.lang.NumberFormatException.forInputString(NumberFormatException.java:65)
	at java.lang.Long.parseLong(Long.java:589)
	at java.lang.Long.valueOf(Long.java:776)
	at java.lang.Long.decode(Long.java:928)
	at org.apache.zookeeper.server.controller.ZooKeeperServerController.processCommand(ZooKeeperServerController.java:131)
	at org.apache.zookeeper.server.controller.CommandListener$CommandHandler.handle(CommandListener.java:81)
	at org.eclipse.jetty.server.handler.HandlerWrapper.handle(HandlerWrapper.java:127)
	at org.eclipse.jetty.server.Server.handle(Server.java:516)
	at org.eclipse.jetty.server.HttpChannel.lambda$handle$1(HttpChannel.java:487)
	at org.eclipse.jetty.server.HttpChannel.dispatch(HttpChannel.java:732)
	at org.eclipse.jetty.server.HttpChannel.handle(HttpChannel.java:479)
	at org.eclipse.jetty.server.HttpConnection.onFillable(HttpConnection.java:277)
	at org.eclipse.jetty.io.AbstractConnection$ReadCallback.succeeded(AbstractConnection.java:311)
	at org.eclipse.jetty.io.FillInterest.fillable(FillInterest.java:105)
	at org.eclipse.jetty.io.ChannelEndPoint$1.run(ChannelEndPoint.java:104)
	at org.eclipse.jetty.util.thread.strategy.EatWhatYouKill.runTask(EatWhatYouKill.java:338)
	at org.eclipse.jetty.util.thread.strategy.EatWhatYouKill.doProduce(EatWhatYouKill.java:315)
	at org.eclipse.jetty.util.thread.strategy.EatWhatYouKill.tryProduce(EatWhatYouKill.java:173)
	at org.eclipse.jetty.util.thread.strategy.EatWhatYouKill.produce(EatWhatYouKill.java:137)
	at org.eclipse.jetty.util.thread.QueuedThreadPool.runJob(QueuedThreadPool.java:883)
	at org.eclipse.jetty.util.thread.QueuedThreadPool$Runner.run(QueuedThreadPool.java:1034)
	at java.lang.Thread.run(Thread.java:750)
]]></system-out>
  </testcase>
  <testcase name="verifyEatResponseCommands" classname="org.apache.zookeeper.server.controller.ControllerClientServerTest" time="0.33">
    <system-out><![CDATA[2023-09-18 23:28:32,564 [myid:] - ERROR [main:o.a.z.s.c.ControllerTestBase@72] - [wasabi] Retry Loop 08 is called. MaxRetry :50  stack trace element: org.apache.zookeeper.server.controller.ControllerTestBase.init (Line 60)
2023-09-18 23:28:32,564 [myid:] - ERROR [main:o.a.z.s.c.ControllerTestBase@73] - [wasabi] Retry Loop 02 is called. MaxDuration : 100  stack trace element: org.apache.zookeeper.server.controller.ControllerTestBase.init (Line 60)
2023-09-18 23:28:32,564 [myid:] - ERROR [main:o.a.z.s.c.ControllerTestBase@72] - [wasabi] Retry Loop 08 is called. MaxRetry :50  stack trace element: mockit.integration.junit4.JUnit4TestRunnerDecorator.invokeExplosively (Line 49)
2023-09-18 23:28:32,564 [myid:] - ERROR [main:o.a.z.s.c.ControllerTestBase@73] - [wasabi] Retry Loop 02 is called. MaxDuration : 100  stack trace element: mockit.integration.junit4.JUnit4TestRunnerDecorator.invokeExplosively (Line 49)
2023-09-18 23:28:32,578 [myid:] - ERROR [WorkerReceiver[myid=0]:o.a.z.s.q.QuorumPeerConfig@702] - Invalid configuration, only one server specified (ignoring)
2023-09-18 23:28:32,788 [myid:] - ERROR [QuorumPeer[myid=0](plain=127.0.0.1:43761)(secure=disabled):o.a.z.s.q.QuorumPeerConfig@702] - Invalid configuration, only one server specified (ignoring)
2023-09-18 23:28:32,872 [myid:] - ERROR [qtp453493692-308:o.a.z.s.c.CommandListener$CommandHandler@85] - Bad argument or command
java.lang.NumberFormatException: For input string: "hanm"
	at java.lang.NumberFormatException.forInputString(NumberFormatException.java:65)
	at java.lang.Long.parseLong(Long.java:589)
	at java.lang.Long.valueOf(Long.java:776)
	at java.lang.Long.decode(Long.java:928)
	at org.apache.zookeeper.server.controller.ZooKeeperServerController.processCommand(ZooKeeperServerController.java:146)
	at org.apache.zookeeper.server.controller.CommandListener$CommandHandler.handle(CommandListener.java:81)
	at org.eclipse.jetty.server.handler.HandlerWrapper.handle(HandlerWrapper.java:127)
	at org.eclipse.jetty.server.Server.handle(Server.java:516)
	at org.eclipse.jetty.server.HttpChannel.lambda$handle$1(HttpChannel.java:487)
	at org.eclipse.jetty.server.HttpChannel.dispatch(HttpChannel.java:732)
	at org.eclipse.jetty.server.HttpChannel.handle(HttpChannel.java:479)
	at org.eclipse.jetty.server.HttpConnection.onFillable(HttpConnection.java:277)
	at org.eclipse.jetty.io.AbstractConnection$ReadCallback.succeeded(AbstractConnection.java:311)
	at org.eclipse.jetty.io.FillInterest.fillable(FillInterest.java:105)
	at org.eclipse.jetty.io.ChannelEndPoint$1.run(ChannelEndPoint.java:104)
	at org.eclipse.jetty.util.thread.strategy.EatWhatYouKill.runTask(EatWhatYouKill.java:338)
	at org.eclipse.jetty.util.thread.strategy.EatWhatYouKill.doProduce(EatWhatYouKill.java:315)
	at org.eclipse.jetty.util.thread.strategy.EatWhatYouKill.tryProduce(EatWhatYouKill.java:173)
	at org.eclipse.jetty.util.thread.strategy.EatWhatYouKill.produce(EatWhatYouKill.java:137)
	at org.eclipse.jetty.util.thread.QueuedThreadPool.runJob(QueuedThreadPool.java:883)
	at org.eclipse.jetty.util.thread.QueuedThreadPool$Runner.run(QueuedThreadPool.java:1034)
	at java.lang.Thread.run(Thread.java:750)
]]></system-out>
  </testcase>
</testsuite>