<?xml version="1.0" encoding="UTF-8"?>
<testsuite xmlns:xsi="http://www.w3.org/2001/XMLSchema-instance" xsi:noNamespaceSchemaLocation="https://maven.apache.org/surefire/maven-surefire-plugin/xsd/surefire-test-report-3.0.xsd" version="3.0" name="org.apache.zookeeper.recipes.queue.DistributedQueueTest" time="26.361" tests="12" errors="0" skipped="0" failures="0">
  <properties>
[...]
</properties>
  <testcase name="testTakeWait1" classname="org.apache.zookeeper.recipes.queue.DistributedQueueTest" time="1.477">
    <system-out><![CDATA[2023-09-18 23:35:05,758 [myid:] - ERROR [main:o.w.l.WasabiListener5@22] - [WASABISTART]
2023-09-18 23:35:05,758 [myid:] - ERROR [main:o.w.l.WasabiListener5@23] - [wasabi] testTakeWait1() is started
2023-09-18 23:35:07,234 [myid:] - ERROR [main:o.w.l.WasabiListener5@30] - [wasabi] testTakeWait1() is finished
2023-09-18 23:35:07,235 [myid:] - ERROR [main:o.w.l.WasabiListener5@31] - [WASABIEND]
]]></system-out>
  </testcase>
  <testcase name="testTakeWait2" classname="org.apache.zookeeper.recipes.queue.DistributedQueueTest" time="2.186">
    <system-out><![CDATA[2023-09-18 23:35:07,240 [myid:] - ERROR [main:o.w.l.WasabiListener5@22] - [WASABISTART]
2023-09-18 23:35:07,241 [myid:] - ERROR [main:o.w.l.WasabiListener5@23] - [wasabi] testTakeWait2() is started
2023-09-18 23:35:09,425 [myid:] - ERROR [main:o.w.l.WasabiListener5@30] - [wasabi] testTakeWait2() is finished
2023-09-18 23:35:09,426 [myid:] - ERROR [main:o.w.l.WasabiListener5@31] - [WASABIEND]
]]></system-out>
  </testcase>
  <testcase name="testTake1" classname="org.apache.zookeeper.recipes.queue.DistributedQueueTest" time="0.169">
    <system-out><![CDATA[2023-09-18 23:35:09,428 [myid:] - ERROR [main:o.w.l.WasabiListener5@22] - [WASABISTART]
2023-09-18 23:35:09,428 [myid:] - ERROR [main:o.w.l.WasabiListener5@23] - [wasabi] testTake1() is started
2023-09-18 23:35:09,595 [myid:] - ERROR [main:o.w.l.WasabiListener5@30] - [wasabi] testTake1() is finished
2023-09-18 23:35:09,596 [myid:] - ERROR [main:o.w.l.WasabiListener5@31] - [WASABIEND]
]]></system-out>
  </testcase>
  <testcase name="testRemove1" classname="org.apache.zookeeper.recipes.queue.DistributedQueueTest" time="0.147">
    <system-out><![CDATA[2023-09-18 23:35:09,600 [myid:] - ERROR [main:o.w.l.WasabiListener5@22] - [WASABISTART]
2023-09-18 23:35:09,600 [myid:] - ERROR [main:o.w.l.WasabiListener5@23] - [wasabi] testRemove1() is started
2023-09-18 23:35:09,746 [myid:] - ERROR [main:o.w.l.WasabiListener5@30] - [wasabi] testRemove1() is finished
2023-09-18 23:35:09,747 [myid:] - ERROR [main:o.w.l.WasabiListener5@31] - [WASABIEND]
]]></system-out>
  </testcase>
  <testcase name="testRemove2" classname="org.apache.zookeeper.recipes.queue.DistributedQueueTest" time="0.352">
    <system-out><![CDATA[2023-09-18 23:35:09,751 [myid:] - ERROR [main:o.w.l.WasabiListener5@22] - [WASABISTART]
2023-09-18 23:35:09,752 [myid:] - ERROR [main:o.w.l.WasabiListener5@23] - [wasabi] testRemove2() is started
2023-09-18 23:35:10,103 [myid:] - ERROR [main:o.w.l.WasabiListener5@30] - [wasabi] testRemove2() is finished
2023-09-18 23:35:10,104 [myid:] - ERROR [main:o.w.l.WasabiListener5@31] - [WASABIEND]
]]></system-out>
  </testcase>
  <testcase name="testRemove3" classname="org.apache.zookeeper.recipes.queue.DistributedQueueTest" time="8.109">
    <system-out><![CDATA[2023-09-18 23:35:10,108 [myid:] - ERROR [main:o.w.l.WasabiListener5@22] - [WASABISTART]
2023-09-18 23:35:10,109 [myid:] - ERROR [main:o.w.l.WasabiListener5@23] - [wasabi] testRemove3() is started
2023-09-18 23:35:18,217 [myid:] - ERROR [main:o.w.l.WasabiListener5@30] - [wasabi] testRemove3() is finished
2023-09-18 23:35:18,217 [myid:] - ERROR [main:o.w.l.WasabiListener5@31] - [WASABIEND]
]]></system-out>
  </testcase>
  <testcase name="testElement1" classname="org.apache.zookeeper.recipes.queue.DistributedQueueTest" time="0.26">
    <system-out><![CDATA[2023-09-18 23:35:18,219 [myid:] - ERROR [main:o.w.l.WasabiListener5@22] - [WASABISTART]
2023-09-18 23:35:18,220 [myid:] - ERROR [main:o.w.l.WasabiListener5@23] - [wasabi] testElement1() is started
2023-09-18 23:35:18,478 [myid:] - ERROR [main:o.w.l.WasabiListener5@30] - [wasabi] testElement1() is finished
2023-09-18 23:35:18,479 [myid:] - ERROR [main:o.w.l.WasabiListener5@31] - [WASABIEND]
]]></system-out>
  </testcase>
  <testcase name="testElement2" classname="org.apache.zookeeper.recipes.queue.DistributedQueueTest" time="0.307">
    <system-out><![CDATA[2023-09-18 23:35:18,482 [myid:] - ERROR [main:o.w.l.WasabiListener5@22] - [WASABISTART]
2023-09-18 23:35:18,483 [myid:] - ERROR [main:o.w.l.WasabiListener5@23] - [wasabi] testElement2() is started
2023-09-18 23:35:18,789 [myid:] - ERROR [main:o.w.l.WasabiListener5@30] - [wasabi] testElement2() is finished
2023-09-18 23:35:18,790 [myid:] - ERROR [main:o.w.l.WasabiListener5@31] - [WASABIEND]
]]></system-out>
  </testcase>
  <testcase name="testElement3" classname="org.apache.zookeeper.recipes.queue.DistributedQueueTest" time="5.141">
    <system-out><![CDATA[2023-09-18 23:35:18,793 [myid:] - ERROR [main:o.w.l.WasabiListener5@22] - [WASABISTART]
2023-09-18 23:35:18,794 [myid:] - ERROR [main:o.w.l.WasabiListener5@23] - [wasabi] testElement3() is started
2023-09-18 23:35:23,934 [myid:] - ERROR [main:o.w.l.WasabiListener5@30] - [wasabi] testElement3() is finished
2023-09-18 23:35:23,934 [myid:] - ERROR [main:o.w.l.WasabiListener5@31] - [WASABIEND]
]]></system-out>
  </testcase>
  <testcase name="testElement4" classname="org.apache.zookeeper.recipes.queue.DistributedQueueTest" time="7.738">
    <system-out><![CDATA[2023-09-18 23:35:23,936 [myid:] - ERROR [main:o.w.l.WasabiListener5@22] - [WASABISTART]
2023-09-18 23:35:23,936 [myid:] - ERROR [main:o.w.l.WasabiListener5@23] - [wasabi] testElement4() is started
2023-09-18 23:35:31,673 [myid:] - ERROR [main:o.w.l.WasabiListener5@30] - [wasabi] testElement4() is finished
2023-09-18 23:35:31,674 [myid:] - ERROR [main:o.w.l.WasabiListener5@31] - [WASABIEND]
]]></system-out>
  </testcase>
  <testcase name="testOffer1" classname="org.apache.zookeeper.recipes.queue.DistributedQueueTest" time="0.155">
    <system-out><![CDATA[2023-09-18 23:35:31,678 [myid:] - ERROR [main:o.w.l.WasabiListener5@22] - [WASABISTART]
2023-09-18 23:35:31,679 [myid:] - ERROR [main:o.w.l.WasabiListener5@23] - [wasabi] testOffer1() is started
2023-09-18 23:35:31,834 [myid:] - ERROR [main:o.w.l.WasabiListener5@30] - [wasabi] testOffer1() is finished
2023-09-18 23:35:31,835 [myid:] - ERROR [main:o.w.l.WasabiListener5@31] - [WASABIEND]
]]></system-out>
  </testcase>
  <testcase name="testOffer2" classname="org.apache.zookeeper.recipes.queue.DistributedQueueTest" time="0.257">
    <system-out><![CDATA[2023-09-18 23:35:31,837 [myid:] - ERROR [main:o.w.l.WasabiListener5@22] - [WASABISTART]
2023-09-18 23:35:31,838 [myid:] - ERROR [main:o.w.l.WasabiListener5@23] - [wasabi] testOffer2() is started
2023-09-18 23:35:32,093 [myid:] - ERROR [main:o.w.l.WasabiListener5@30] - [wasabi] testOffer2() is finished
2023-09-18 23:35:32,094 [myid:] - ERROR [main:o.w.l.WasabiListener5@31] - [WASABIEND]
]]></system-out>
  </testcase>
</testsuite>